<?xml version="1.0" encoding="UTF-8"?>
<testsuite name="JUnit Vintage" tests="16" skipped="0" failures="0" errors="0" time="0.43" hostname="fernando-nb" timestamp="2019-05-21T18:57:12">
<properties>
<property name="awt.toolkit" value="sun.awt.X11.XToolkit"/>
<property name="file.encoding" value="UTF-8"/>
<property name="file.encoding.pkg" value="sun.io"/>
<property name="file.separator" value="/"/>
<property name="java.awt.graphicsenv" value="sun.awt.X11GraphicsEnvironment"/>
<property name="java.awt.printerjob" value="sun.print.PSPrinterJob"/>
<property name="java.class.path" value="/home/fernando/git/ingenieria/bomberman/eis_201901c_tp_grupal/build/classes/java/test:/home/fernando/git/ingenieria/bomberman/eis_201901c_tp_grupal/build/resources/test:/home/fernando/git/ingenieria/bomberman/eis_201901c_tp_grupal/build/classes/java/main:/home/fernando/git/ingenieria/bomberman/eis_201901c_tp_grupal/build/resources/main:/home/fernando/.gradle/caches/modules-2/files-2.1/org.assertj/assertj-core/3.9.0/de324a44efe19b9222d2218f7ac3102d728497d8/assertj-core-3.9.0.jar:/home/fernando/.gradle/caches/modules-2/files-2.1/io.cucumber/cucumber-java/2.4.0/caf32eff3d7b194a34eccf1ab103196558dc428e/cucumber-java-2.4.0.jar:/home/fernando/.gradle/caches/modules-2/files-2.1/io.cucumber/cucumber-junit/2.4.0/97bc6f147ebe3888c97933fe38da1d044771d7d2/cucumber-junit-2.4.0.jar:/home/fernando/.gradle/caches/modules-2/files-2.1/org.junit.vintage/junit-vintage-engine/4.12.2/3ee780f46c5669ba5cf6a70405c49becec6f2cef/junit-vintage-engine-4.12.2.jar:/home/fernando/.gradle/caches/modules-2/files-2.1/org.junit.jupiter/junit-jupiter-engine/5.0.2/e57de973ac81662ec2b9b225df6c882a641fabe6/junit-jupiter-engine-5.0.2.jar:/home/fernando/.gradle/caches/modules-2/files-2.1/org.junit.jupiter/junit-jupiter-api/5.0.2/4024737a023e98dc6c9cbbd89fe0dd83975df65/junit-jupiter-api-5.0.2.jar:/home/fernando/.gradle/caches/modules-2/files-2.1/io.cucumber/cucumber-core/2.4.0/dd7a961cc819c6422f669fce5bf9616b48877029/cucumber-core-2.4.0.jar:/home/fernando/.gradle/caches/modules-2/files-2.1/junit/junit/4.12/2973d150c0dc1fefe998f834810d68f278ea58ec/junit-4.12.jar:/home/fernando/.gradle/caches/modules-2/files-2.1/org.junit.platform/junit-platform-engine/1.0.2/ae5d9b8c44d78da636e4e1e00a907fe0fb7bcb8f/junit-platform-engine-1.0.2.jar:/home/fernando/.gradle/caches/modules-2/files-2.1/org.opentest4j/opentest4j/1.0.0/6f09c598e9ff64bf0ce2fa7e7de49a99ba83c0b4/opentest4j-1.0.0.jar:/home/fernando/.gradle/caches/modules-2/files-2.1/org.junit.platform/junit-platform-commons/1.0.2/e348a3a67940694f0718d04f9b0784b3dfb7819b/junit-platform-commons-1.0.2.jar:/home/fernando/.gradle/caches/modules-2/files-2.1/info.cukes/cucumber-html/0.2.6/e2577a2a51fdb821e877433ae55ac9211ffcb16a/cucumber-html-0.2.6.jar:/home/fernando/.gradle/caches/modules-2/files-2.1/io.cucumber/cucumber-jvm-deps/1.0.6/f099f06378ef35f9391fa2fbb41ac21d214fe737/cucumber-jvm-deps-1.0.6.jar:/home/fernando/.gradle/caches/modules-2/files-2.1/io.cucumber/gherkin/5.0.0/a05c7dd957349d6ce3908771aa5414cb15777eb7/gherkin-5.0.0.jar:/home/fernando/.gradle/caches/modules-2/files-2.1/io.cucumber/tag-expressions/1.1.1/a5cfcf43577aae5d314af5438459c2af659a1245/tag-expressions-1.1.1.jar:/home/fernando/.gradle/caches/modules-2/files-2.1/org.hamcrest/hamcrest-core/1.3/42a25dc3219429f0e5d060061f71acb49bf010a0/hamcrest-core-1.3.jar:/home/fernando/.gradle/caches/modules-2/files-2.1/org.junit.platform/junit-platform-console/1.0.2/2bf2cd18040bfe229bad813c7ab150a0f7ea8153/junit-platform-console-1.0.2.jar:/home/fernando/.gradle/caches/modules-2/files-2.1/org.junit.platform/junit-platform-launcher/1.0.2/7cd136827fbfe3e6301b95f0340d654ad54feaa4/junit-platform-launcher-1.0.2.jar:build/tmp/expandedArchives/org.jacoco.agent-0.7.9.jar_17d4cd69b5d9b44b59ac09d2e4756e43/jacocoagent.jar"/>
<property name="java.class.version" value="52.0"/>
<property name="java.endorsed.dirs" value="/usr/lib/jvm/java-8-openjdk-amd64/jre/lib/endorsed"/>
<property name="java.ext.dirs" value="/usr/lib/jvm/java-8-openjdk-amd64/jre/lib/ext:/usr/java/packages/lib/ext"/>
<property name="java.home" value="/usr/lib/jvm/java-8-openjdk-amd64/jre"/>
<property name="java.io.tmpdir" value="/tmp"/>
<property name="java.library.path" value="/usr/java/packages/lib/amd64:/usr/lib/x86_64-linux-gnu/jni:/lib/x86_64-linux-gnu:/usr/lib/x86_64-linux-gnu:/usr/lib/jni:/lib:/usr/lib"/>
<property name="java.runtime.name" value="OpenJDK Runtime Environment"/>
<property name="java.runtime.version" value="1.8.0_212-8u212-b03-0ubuntu1.18.04.1-b03"/>
<property name="java.specification.name" value="Java Platform API Specification"/>
<property name="java.specification.vendor" value="Oracle Corporation"/>
<property name="java.specification.version" value="1.8"/>
<property name="java.vendor" value="Oracle Corporation"/>
<property name="java.vendor.url" value="http://java.oracle.com/"/>
<property name="java.vendor.url.bug" value="http://bugreport.sun.com/bugreport/"/>
<property name="java.version" value="1.8.0_212"/>
<property name="java.vm.info" value="mixed mode"/>
<property name="java.vm.name" value="OpenJDK 64-Bit Server VM"/>
<property name="java.vm.specification.name" value="Java Virtual Machine Specification"/>
<property name="java.vm.specification.vendor" value="Oracle Corporation"/>
<property name="java.vm.specification.version" value="1.8"/>
<property name="java.vm.vendor" value="Oracle Corporation"/>
<property name="java.vm.version" value="25.212-b03"/>
<property name="line.separator" value="
"/>
<property name="os.arch" value="amd64"/>
<property name="os.name" value="Linux"/>
<property name="os.version" value="4.15.0-50-generic"/>
<property name="path.separator" value=":"/>
<property name="sun.arch.data.model" value="64"/>
<property name="sun.boot.class.path" value="/usr/lib/jvm/java-8-openjdk-amd64/jre/lib/resources.jar:/usr/lib/jvm/java-8-openjdk-amd64/jre/lib/rt.jar:/usr/lib/jvm/java-8-openjdk-amd64/jre/lib/sunrsasign.jar:/usr/lib/jvm/java-8-openjdk-amd64/jre/lib/jsse.jar:/usr/lib/jvm/java-8-openjdk-amd64/jre/lib/jce.jar:/usr/lib/jvm/java-8-openjdk-amd64/jre/lib/charsets.jar:/usr/lib/jvm/java-8-openjdk-amd64/jre/lib/jfr.jar:/usr/lib/jvm/java-8-openjdk-amd64/jre/classes"/>
<property name="sun.boot.library.path" value="/usr/lib/jvm/java-8-openjdk-amd64/jre/lib/amd64"/>
<property name="sun.cpu.endian" value="little"/>
<property name="sun.cpu.isalist" value=""/>
<property name="sun.io.unicode.encoding" value="UnicodeLittle"/>
<property name="sun.java.command" value="org.junit.platform.console.ConsoleLauncher --details NONE --scan-class-path /home/fernando/git/ingenieria/bomberman/eis_201901c_tp_grupal/build/classes/java/main:/home/fernando/git/ingenieria/bomberman/eis_201901c_tp_grupal/build/resources/main:/home/fernando/git/ingenieria/bomberman/eis_201901c_tp_grupal/build/classes/java/test:/home/fernando/git/ingenieria/bomberman/eis_201901c_tp_grupal/build/resources/test -n ^.*Tests?$ --reports-dir /home/fernando/git/ingenieria/bomberman/eis_201901c_tp_grupal/build/test-results/junit-platform"/>
<property name="sun.java.launcher" value="SUN_STANDARD"/>
<property name="sun.jnu.encoding" value="UTF-8"/>
<property name="sun.management.compiler" value="HotSpot 64-Bit Tiered Compilers"/>
<property name="sun.os.patch.level" value="unknown"/>
<property name="user.country" value="AR"/>
<property name="user.dir" value="/home/fernando/git/ingenieria/bomberman/eis_201901c_tp_grupal"/>
<property name="user.home" value="/home/fernando"/>
<property name="user.language" value="es"/>
<property name="user.name" value="fernando"/>
<property name="user.timezone" value="America/Argentina/Buenos_Aires"/>
<property name="user.variant" value=""/>
</properties>
<testcase name="reaches Proto Max Jr" classname="Feature: Bomberman drops bomb and reaches Proto Max Jr" time="0.309">
<system-out><![CDATA[
unique-id: [engine:junit-vintage]/[runner:gradle.RunCukesTest]/[test:rO0ABXNyAC5jdWN1bWJlci5ydW50aW1lLmp1bml0LkZlYXR1cmVSdW5uZXIkRmVhdHVyZUlkAAAAAAAAAAECAAFMAAN1cml0ABJMamF2YS9sYW5nL1N0cmluZzt4cHQAMmdyYWRsZS9jdWN1bWJlci9ib21iZXJtYW4ta2lsbHMtUHJvdG9NYXhKci5mZWF0dXJl]/[test:rO0ABXNyAC1jdWN1bWJlci5ydW50aW1lLmp1bml0LlBpY2tsZVJ1bm5lcnMkUGlja2xlSWQAAAAAAAAAAQIAAkkACnBpY2tsZUxpbmVMAAN1cml0ABJMamF2YS9sYW5nL1N0cmluZzt4cAAAAAN0ADJncmFkbGUvY3VjdW1iZXIvYm9tYmVybWFuLWtpbGxzLVByb3RvTWF4SnIuZmVhdHVyZQ==]
display-name: reaches Proto Max Jr
]]></system-out>
</testcase>
<testcase name="doesn't reach Proto Max Jr" classname="Feature: Bomberman drops bomb and reaches Proto Max Jr" time="0.003">
<system-out><![CDATA[
unique-id: [engine:junit-vintage]/[runner:gradle.RunCukesTest]/[test:rO0ABXNyAC5jdWN1bWJlci5ydW50aW1lLmp1bml0LkZlYXR1cmVSdW5uZXIkRmVhdHVyZUlkAAAAAAAAAAECAAFMAAN1cml0ABJMamF2YS9sYW5nL1N0cmluZzt4cHQAMmdyYWRsZS9jdWN1bWJlci9ib21iZXJtYW4ta2lsbHMtUHJvdG9NYXhKci5mZWF0dXJl]/[test:rO0ABXNyAC1jdWN1bWJlci5ydW50aW1lLmp1bml0LlBpY2tsZVJ1bm5lcnMkUGlja2xlSWQAAAAAAAAAAQIAAkkACnBpY2tsZUxpbmVMAAN1cml0ABJMamF2YS9sYW5nL1N0cmluZzt4cAAAAAl0ADJncmFkbGUvY3VjdW1iZXIvYm9tYmVybWFuLWtpbGxzLVByb3RvTWF4SnIuZmVhdHVyZQ==]
display-name: doesn't reach Proto Max Jr
]]></system-out>
</testcase>
<testcase name="reaches Bagulaa" classname="Feature: Bomberman drops bomb and reaches Bagulaa" time="0.003">
<system-out><![CDATA[
unique-id: [engine:junit-vintage]/[runner:gradle.RunCukesTest]/[test:rO0ABXNyAC5jdWN1bWJlci5ydW50aW1lLmp1bml0LkZlYXR1cmVSdW5uZXIkRmVhdHVyZUlkAAAAAAAAAAECAAFMAAN1cml0ABJMamF2YS9sYW5nL1N0cmluZzt4cHQAL2dyYWRsZS9jdWN1bWJlci9ib21iZXJtYW4ta2lsbHMtYmFndWxhYS5mZWF0dXJl]/[test:rO0ABXNyAC1jdWN1bWJlci5ydW50aW1lLmp1bml0LlBpY2tsZVJ1bm5lcnMkUGlja2xlSWQAAAAAAAAAAQIAAkkACnBpY2tsZUxpbmVMAAN1cml0ABJMamF2YS9sYW5nL1N0cmluZzt4cAAAAAN0AC9ncmFkbGUvY3VjdW1iZXIvYm9tYmVybWFuLWtpbGxzLWJhZ3VsYWEuZmVhdHVyZQ==]
display-name: reaches Bagulaa
]]></system-out>
</testcase>
<testcase name="the expansive wave reaches a melanin wall 1 cell distance" classname="Feature: Bomberman drops a bomb" time="0.002">
<system-out><![CDATA[
unique-id: [engine:junit-vintage]/[runner:gradle.RunCukesTest]/[test:rO0ABXNyAC5jdWN1bWJlci5ydW50aW1lLmp1bml0LkZlYXR1cmVSdW5uZXIkRmVhdHVyZUlkAAAAAAAAAAECAAFMAAN1cml0ABJMamF2YS9sYW5nL1N0cmluZzt4cHQAImdyYWRsZS9jdWN1bWJlci9kcm9wLWJvbWJzLmZlYXR1cmU=]/[test:rO0ABXNyAC1jdWN1bWJlci5ydW50aW1lLmp1bml0LlBpY2tsZVJ1bm5lcnMkUGlja2xlSWQAAAAAAAAAAQIAAkkACnBpY2tsZUxpbmVMAAN1cml0ABJMamF2YS9sYW5nL1N0cmluZzt4cAAAAAN0ACJncmFkbGUvY3VjdW1iZXIvZHJvcC1ib21icy5mZWF0dXJl]
display-name: the expansive wave reaches a melanin wall 1 cell distance
]]></system-out>
</testcase>
<testcase name="the expansive wave reaches a melanin wall 2 cell distance" classname="Feature: Bomberman drops a bomb" time="0.002">
<system-out><![CDATA[
unique-id: [engine:junit-vintage]/[runner:gradle.RunCukesTest]/[test:rO0ABXNyAC5jdWN1bWJlci5ydW50aW1lLmp1bml0LkZlYXR1cmVSdW5uZXIkRmVhdHVyZUlkAAAAAAAAAAECAAFMAAN1cml0ABJMamF2YS9sYW5nL1N0cmluZzt4cHQAImdyYWRsZS9jdWN1bWJlci9kcm9wLWJvbWJzLmZlYXR1cmU=]/[test:rO0ABXNyAC1jdWN1bWJlci5ydW50aW1lLmp1bml0LlBpY2tsZVJ1bm5lcnMkUGlja2xlSWQAAAAAAAAAAQIAAkkACnBpY2tsZUxpbmVMAAN1cml0ABJMamF2YS9sYW5nL1N0cmluZzt4cAAAAAl0ACJncmFkbGUvY3VjdW1iZXIvZHJvcC1ib21icy5mZWF0dXJl]
display-name: the expansive wave reaches a melanin wall 2 cell distance
]]></system-out>
</testcase>
<testcase name="the expansive wave reaches a melanin wall 3 cell distance" classname="Feature: Bomberman drops a bomb" time="0.002">
<system-out><![CDATA[
unique-id: [engine:junit-vintage]/[runner:gradle.RunCukesTest]/[test:rO0ABXNyAC5jdWN1bWJlci5ydW50aW1lLmp1bml0LkZlYXR1cmVSdW5uZXIkRmVhdHVyZUlkAAAAAAAAAAECAAFMAAN1cml0ABJMamF2YS9sYW5nL1N0cmluZzt4cHQAImdyYWRsZS9jdWN1bWJlci9kcm9wLWJvbWJzLmZlYXR1cmU=]/[test:rO0ABXNyAC1jdWN1bWJlci5ydW50aW1lLmp1bml0LlBpY2tsZVJ1bm5lcnMkUGlja2xlSWQAAAAAAAAAAQIAAkkACnBpY2tsZUxpbmVMAAN1cml0ABJMamF2YS9sYW5nL1N0cmluZzt4cAAAAA50ACJncmFkbGUvY3VjdW1iZXIvZHJvcC1ib21icy5mZWF0dXJl]
display-name: the expansive wave reaches a melanin wall 3 cell distance
]]></system-out>
</testcase>
<testcase name="the expansive wave reaches a melanin wall 4 cell distance" classname="Feature: Bomberman drops a bomb" time="0.003">
<system-out><![CDATA[
unique-id: [engine:junit-vintage]/[runner:gradle.RunCukesTest]/[test:rO0ABXNyAC5jdWN1bWJlci5ydW50aW1lLmp1bml0LkZlYXR1cmVSdW5uZXIkRmVhdHVyZUlkAAAAAAAAAAECAAFMAAN1cml0ABJMamF2YS9sYW5nL1N0cmluZzt4cHQAImdyYWRsZS9jdWN1bWJlci9kcm9wLWJvbWJzLmZlYXR1cmU=]/[test:rO0ABXNyAC1jdWN1bWJlci5ydW50aW1lLmp1bml0LlBpY2tsZVJ1bm5lcnMkUGlja2xlSWQAAAAAAAAAAQIAAkkACnBpY2tsZUxpbmVMAAN1cml0ABJMamF2YS9sYW5nL1N0cmluZzt4cAAAABN0ACJncmFkbGUvY3VjdW1iZXIvZHJvcC1ib21icy5mZWF0dXJl]
display-name: the expansive wave reaches a melanin wall 4 cell distance
]]></system-out>
</testcase>
<testcase name="the expansive wave reaches an enemy at 1 cell distance" classname="Feature: Bomberman drops a bomb" time="0.002">
<system-out><![CDATA[
unique-id: [engine:junit-vintage]/[runner:gradle.RunCukesTest]/[test:rO0ABXNyAC5jdWN1bWJlci5ydW50aW1lLmp1bml0LkZlYXR1cmVSdW5uZXIkRmVhdHVyZUlkAAAAAAAAAAECAAFMAAN1cml0ABJMamF2YS9sYW5nL1N0cmluZzt4cHQAImdyYWRsZS9jdWN1bWJlci9kcm9wLWJvbWJzLmZlYXR1cmU=]/[test:rO0ABXNyAC1jdWN1bWJlci5ydW50aW1lLmp1bml0LlBpY2tsZVJ1bm5lcnMkUGlja2xlSWQAAAAAAAAAAQIAAkkACnBpY2tsZUxpbmVMAAN1cml0ABJMamF2YS9sYW5nL1N0cmluZzt4cAAAABh0ACJncmFkbGUvY3VjdW1iZXIvZHJvcC1ib21icy5mZWF0dXJl]
display-name: the expansive wave reaches an enemy at 1 cell distance
]]></system-out>
</testcase>
<testcase name="the expansive wave reaches an enemy at 2 cell distance" classname="Feature: Bomberman drops a bomb" time="0.002">
<system-out><![CDATA[
unique-id: [engine:junit-vintage]/[runner:gradle.RunCukesTest]/[test:rO0ABXNyAC5jdWN1bWJlci5ydW50aW1lLmp1bml0LkZlYXR1cmVSdW5uZXIkRmVhdHVyZUlkAAAAAAAAAAECAAFMAAN1cml0ABJMamF2YS9sYW5nL1N0cmluZzt4cHQAImdyYWRsZS9jdWN1bWJlci9kcm9wLWJvbWJzLmZlYXR1cmU=]/[test:rO0ABXNyAC1jdWN1bWJlci5ydW50aW1lLmp1bml0LlBpY2tsZVJ1bm5lcnMkUGlja2xlSWQAAAAAAAAAAQIAAkkACnBpY2tsZUxpbmVMAAN1cml0ABJMamF2YS9sYW5nL1N0cmluZzt4cAAAAB10ACJncmFkbGUvY3VjdW1iZXIvZHJvcC1ib21icy5mZWF0dXJl]
display-name: the expansive wave reaches an enemy at 2 cell distance
]]></system-out>
</testcase>
<testcase name="the expansive wave reaches an enemy at 3 cell distance" classname="Feature: Bomberman drops a bomb" time="0.002">
<system-out><![CDATA[
unique-id: [engine:junit-vintage]/[runner:gradle.RunCukesTest]/[test:rO0ABXNyAC5jdWN1bWJlci5ydW50aW1lLmp1bml0LkZlYXR1cmVSdW5uZXIkRmVhdHVyZUlkAAAAAAAAAAECAAFMAAN1cml0ABJMamF2YS9sYW5nL1N0cmluZzt4cHQAImdyYWRsZS9jdWN1bWJlci9kcm9wLWJvbWJzLmZlYXR1cmU=]/[test:rO0ABXNyAC1jdWN1bWJlci5ydW50aW1lLmp1bml0LlBpY2tsZVJ1bm5lcnMkUGlja2xlSWQAAAAAAAAAAQIAAkkACnBpY2tsZUxpbmVMAAN1cml0ABJMamF2YS9sYW5nL1N0cmluZzt4cAAAACJ0ACJncmFkbGUvY3VjdW1iZXIvZHJvcC1ib21icy5mZWF0dXJl]
display-name: the expansive wave reaches an enemy at 3 cell distance
]]></system-out>
</testcase>
<testcase name="the expansive wave reaches an enemy at 4 cell distance" classname="Feature: Bomberman drops a bomb" time="0.001">
<system-out><![CDATA[
unique-id: [engine:junit-vintage]/[runner:gradle.RunCukesTest]/[test:rO0ABXNyAC5jdWN1bWJlci5ydW50aW1lLmp1bml0LkZlYXR1cmVSdW5uZXIkRmVhdHVyZUlkAAAAAAAAAAECAAFMAAN1cml0ABJMamF2YS9sYW5nL1N0cmluZzt4cHQAImdyYWRsZS9jdWN1bWJlci9kcm9wLWJvbWJzLmZlYXR1cmU=]/[test:rO0ABXNyAC1jdWN1bWJlci5ydW50aW1lLmp1bml0LlBpY2tsZVJ1bm5lcnMkUGlja2xlSWQAAAAAAAAAAQIAAkkACnBpY2tsZUxpbmVMAAN1cml0ABJMamF2YS9sYW5nL1N0cmluZzt4cAAAACd0ACJncmFkbGUvY3VjdW1iZXIvZHJvcC1ib21icy5mZWF0dXJl]
display-name: the expansive wave reaches an enemy at 4 cell distance
]]></system-out>
</testcase>
<testcase name="the expansive wave reaches a steel wall" classname="Feature: Bomberman drops a bomb" time="0.003">
<system-out><![CDATA[
unique-id: [engine:junit-vintage]/[runner:gradle.RunCukesTest]/[test:rO0ABXNyAC5jdWN1bWJlci5ydW50aW1lLmp1bml0LkZlYXR1cmVSdW5uZXIkRmVhdHVyZUlkAAAAAAAAAAECAAFMAAN1cml0ABJMamF2YS9sYW5nL1N0cmluZzt4cHQAImdyYWRsZS9jdWN1bWJlci9kcm9wLWJvbWJzLmZlYXR1cmU=]/[test:rO0ABXNyAC1jdWN1bWJlci5ydW50aW1lLmp1bml0LlBpY2tsZVJ1bm5lcnMkUGlja2xlSWQAAAAAAAAAAQIAAkkACnBpY2tsZUxpbmVMAAN1cml0ABJMamF2YS9sYW5nL1N0cmluZzt4cAAAACx0ACJncmFkbGUvY3VjdW1iZXIvZHJvcC1ib21icy5mZWF0dXJl]
display-name: the expansive wave reaches a steel wall
]]></system-out>
</testcase>
<testcase name="the expansive wave reaches a steel wall" classname="Feature: Bomberman drops a bomb" time="0.001">
<system-out><![CDATA[
unique-id: [engine:junit-vintage]/[runner:gradle.RunCukesTest]/[test:rO0ABXNyAC5jdWN1bWJlci5ydW50aW1lLmp1bml0LkZlYXR1cmVSdW5uZXIkRmVhdHVyZUlkAAAAAAAAAAECAAFMAAN1cml0ABJMamF2YS9sYW5nL1N0cmluZzt4cHQAImdyYWRsZS9jdWN1bWJlci9kcm9wLWJvbWJzLmZlYXR1cmU=]/[test:rO0ABXNyAC1jdWN1bWJlci5ydW50aW1lLmp1bml0LlBpY2tsZVJ1bm5lcnMkUGlja2xlSWQAAAAAAAAAAQIAAkkACnBpY2tsZUxpbmVMAAN1cml0ABJMamF2YS9sYW5nL1N0cmluZzt4cAAAADF0ACJncmFkbGUvY3VjdW1iZXIvZHJvcC1ib21icy5mZWF0dXJl]
display-name: the expansive wave reaches a steel wall
]]></system-out>
</testcase>
<testcase name="the cell is empty" classname="Feature: Bomberman moves to a cell" time="0.001">
<system-out><![CDATA[
unique-id: [engine:junit-vintage]/[runner:gradle.RunCukesTest]/[test:rO0ABXNyAC5jdWN1bWJlci5ydW50aW1lLmp1bml0LkZlYXR1cmVSdW5uZXIkRmVhdHVyZUlkAAAAAAAAAAECAAFMAAN1cml0ABJMamF2YS9sYW5nL1N0cmluZzt4cHQAHmdyYWRsZS9jdWN1bWJlci9ncmFkbGUuZmVhdHVyZQ==]/[test:rO0ABXNyAC1jdWN1bWJlci5ydW50aW1lLmp1bml0LlBpY2tsZVJ1bm5lcnMkUGlja2xlSWQAAAAAAAAAAQIAAkkACnBpY2tsZUxpbmVMAAN1cml0ABJMamF2YS9sYW5nL1N0cmluZzt4cAAAAAN0AB5ncmFkbGUvY3VjdW1iZXIvZ3JhZGxlLmZlYXR1cmU=]
display-name: the cell is empty
]]></system-out>
</testcase>
<testcase name="the cell has a wall" classname="Feature: Bomberman moves to a cell" time="0.001">
<system-out><![CDATA[
unique-id: [engine:junit-vintage]/[runner:gradle.RunCukesTest]/[test:rO0ABXNyAC5jdWN1bWJlci5ydW50aW1lLmp1bml0LkZlYXR1cmVSdW5uZXIkRmVhdHVyZUlkAAAAAAAAAAECAAFMAAN1cml0ABJMamF2YS9sYW5nL1N0cmluZzt4cHQAHmdyYWRsZS9jdWN1bWJlci9ncmFkbGUuZmVhdHVyZQ==]/[test:rO0ABXNyAC1jdWN1bWJlci5ydW50aW1lLmp1bml0LlBpY2tsZVJ1bm5lcnMkUGlja2xlSWQAAAAAAAAAAQIAAkkACnBpY2tsZUxpbmVMAAN1cml0ABJMamF2YS9sYW5nL1N0cmluZzt4cAAAAAd0AB5ncmFkbGUvY3VjdW1iZXIvZ3JhZGxlLmZlYXR1cmU=]
display-name: the cell has a wall
]]></system-out>
</testcase>
<testcase name="the cell has an enemy" classname="Feature: Bomberman moves to a cell" time="0.002">
<system-out><![CDATA[
unique-id: [engine:junit-vintage]/[runner:gradle.RunCukesTest]/[test:rO0ABXNyAC5jdWN1bWJlci5ydW50aW1lLmp1bml0LkZlYXR1cmVSdW5uZXIkRmVhdHVyZUlkAAAAAAAAAAECAAFMAAN1cml0ABJMamF2YS9sYW5nL1N0cmluZzt4cHQAHmdyYWRsZS9jdWN1bWJlci9ncmFkbGUuZmVhdHVyZQ==]/[test:rO0ABXNyAC1jdWN1bWJlci5ydW50aW1lLmp1bml0LlBpY2tsZVJ1bm5lcnMkUGlja2xlSWQAAAAAAAAAAQIAAkkACnBpY2tsZUxpbmVMAAN1cml0ABJMamF2YS9sYW5nL1N0cmluZzt4cAAAAAt0AB5ncmFkbGUvY3VjdW1iZXIvZ3JhZGxlLmZlYXR1cmU=]
display-name: the cell has an enemy
]]></system-out>
</testcase>
<system-out><![CDATA[
unique-id: [engine:junit-vintage]
display-name: JUnit Vintage
]]></system-out>
</testsuite>
